{
  "RSpec": {
    "coverage": {
      "/home/osku/WEPA_Rails_15/ratebeer/app/models/rating.rb": [
        1,
        1,
        1,
        null,
        1,
        null,
        null,
        null,
        1,
        12,
        null,
        null,
        null
      ],
      "/home/osku/WEPA_Rails_15/ratebeer/app/helpers/application_helper.rb": [
        1,
        null
      ],
      "/home/osku/WEPA_Rails_15/ratebeer/app/helpers/beer_clubs_helper.rb": [
        1,
        null
      ],
      "/home/osku/WEPA_Rails_15/ratebeer/app/helpers/beers_helper.rb": [
        1,
        null
      ],
      "/home/osku/WEPA_Rails_15/ratebeer/app/helpers/breweries_helper.rb": [
        1,
        null
      ],
      "/home/osku/WEPA_Rails_15/ratebeer/app/helpers/memberships_helper.rb": [
        1,
        null
      ],
      "/home/osku/WEPA_Rails_15/ratebeer/app/helpers/users_helper.rb": [
        1,
        null
      ],
      "/home/osku/WEPA_Rails_15/ratebeer/app/models/beer_club.rb": [
        1,
        null,
        1,
        1,
        null,
        1,
        0,
        null,
        null,
        null
      ],
      "/home/osku/WEPA_Rails_15/ratebeer/app/controllers/memberships_controller.rb": [
        1,
        1,
        null,
        null,
        null,
        1,
        0,
        null,
        null,
        null,
        null,
        1,
        0,
        null,
        null,
        null,
        1,
        0,
        0,
        null,
        null,
        null,
        1,
        null,
        null,
        null,
        null,
        1,
        0,
        0,
        0,
        0,
        null,
        0,
        0,
        0,
        0,
        null,
        0,
        0,
        null,
        null,
        null,
        null,
        null,
        null,
        null,
        1,
        0,
        0,
        0,
        0,
        null,
        0,
        0,
        null,
        null,
        null,
        null,
        null,
        null,
        1,
        0,
        0,
        0,
        0,
        null,
        null,
        null,
        1,
        null,
        1,
        0,
        null,
        null,
        null,
        1,
        0,
        null,
        null
      ],
      "/home/osku/WEPA_Rails_15/ratebeer/app/controllers/application_controller.rb": [
        1,
        null,
        null,
        1,
        null,
        1,
        null,
        1,
        123,
        84,
        null,
        null,
        1,
        4,
        null,
        null,
        null
      ],
      "/home/osku/WEPA_Rails_15/ratebeer/app/controllers/beer_clubs_controller.rb": [
        1,
        1,
        1,
        null,
        null,
        null,
        1,
        0,
        null,
        null,
        null,
        null,
        1,
        0,
        null,
        0,
        0,
        null,
        0,
        0,
        null,
        null,
        null,
        null,
        1,
        0,
        null,
        null,
        null,
        1,
        null,
        null,
        null,
        null,
        1,
        0,
        null,
        0,
        0,
        0,
        0,
        null,
        0,
        0,
        null,
        null,
        null,
        null,
        null,
        null,
        1,
        0,
        0,
        0,
        0,
        null,
        0,
        0,
        null,
        null,
        null,
        null,
        null,
        null,
        1,
        0,
        0,
        0,
        0,
        null,
        null,
        null,
        1,
        null,
        1,
        0,
        null,
        null,
        null,
        1,
        0,
        null,
        null
      ],
      "/home/osku/WEPA_Rails_15/ratebeer/app/models/beer.rb": [
        1,
        1,
        1,
        1,
        1,
        1,
        null,
        1,
        2,
        null,
        null
      ],
      "/home/osku/WEPA_Rails_15/ratebeer/app/models/concerns/rating_average.rb": [
        1,
        1,
        null,
        1,
        8,
        null,
        null
      ],
      "/home/osku/WEPA_Rails_15/ratebeer/app/models/brewery.rb": [
        1,
        1,
        1,
        1,
        1,
        1,
        null,
        1,
        null,
        1,
        0,
        null,
        1,
        0,
        0,
        0,
        null,
        1,
        0,
        0,
        null,
        null,
        1,
        68,
        0,
        null,
        null,
        null,
        null
      ],
      "/home/osku/WEPA_Rails_15/ratebeer/app/models/user.rb": [
        1,
        1,
        null,
        1,
        null,
        1,
        null,
        null,
        1,
        null,
        1,
        1,
        1,
        1,
        null,
        null,
        1,
        3,
        2,
        null,
        null,
        1,
        9,
        8,
        8,
        26,
        13,
        null,
        null,
        8,
        null,
        null,
        1,
        9,
        8,
        8,
        21,
        13,
        null,
        null,
        8,
        null,
        null,
        1,
        42,
        34,
        34,
        217,
        110,
        null,
        null,
        34,
        null,
        null,
        1,
        52,
        44,
        44,
        462,
        160,
        null,
        null,
        44,
        null,
        null,
        null
      ],
      "/home/osku/WEPA_Rails_15/ratebeer/app/controllers/sessions_controller.rb": [
        1,
        1,
        null,
        null,
        null,
        1,
        10,
        10,
        9,
        9,
        null,
        1,
        null,
        null,
        null,
        1,
        null,
        0,
        null,
        0,
        null,
        null
      ],
      "/home/osku/WEPA_Rails_15/ratebeer/app/controllers/users_controller.rb": [
        1,
        1,
        null,
        null,
        null,
        1,
        0,
        null,
        null,
        null,
        null,
        1,
        null,
        null,
        null,
        1,
        1,
        null,
        null,
        null,
        1,
        null,
        null,
        null,
        null,
        1,
        1,
        null,
        1,
        1,
        2,
        1,
        null,
        0,
        0,
        null,
        null,
        null,
        null,
        null,
        null,
        1,
        0,
        0,
        0,
        0,
        0,
        null,
        0,
        0,
        null,
        null,
        null,
        null,
        null,
        null,
        null,
        1,
        0,
        0,
        0,
        0,
        0,
        null,
        null,
        null,
        1,
        null,
        1,
        16,
        null,
        null,
        null,
        1,
        1,
        null,
        null
      ],
      "/home/osku/WEPA_Rails_15/ratebeer/app/models/membership.rb": [
        1,
        1,
        1,
        null,
        null
      ],
      "/home/osku/WEPA_Rails_15/ratebeer/app/controllers/beers_controller.rb": [
        1,
        1,
        1,
        1,
        null,
        null,
        null,
        1,
        1,
        null,
        null,
        null,
        null,
        1,
        0,
        0,
        null,
        null,
        null,
        1,
        2,
        null,
        null,
        null,
        1,
        0,
        null,
        null,
        null,
        null,
        1,
        2,
        null,
        2,
        2,
        2,
        1,
        null,
        1,
        2,
        1,
        null,
        null,
        null,
        null,
        null,
        null,
        1,
        0,
        0,
        0,
        0,
        null,
        0,
        0,
        null,
        null,
        null,
        null,
        null,
        null,
        1,
        0,
        0,
        0,
        0,
        null,
        null,
        null,
        1,
        null,
        1,
        0,
        null,
        null,
        null,
        1,
        2,
        null,
        null,
        1,
        3,
        3,
        null,
        null,
        null
      ],
      "/home/osku/WEPA_Rails_15/ratebeer/app/controllers/breweries_controller.rb": [
        1,
        1,
        1,
        null,
        null,
        null,
        1,
        3,
        null,
        null,
        null,
        null,
        1,
        null,
        null,
        null,
        1,
        0,
        null,
        null,
        null,
        1,
        null,
        null,
        null,
        null,
        1,
        0,
        null,
        0,
        0,
        0,
        0,
        null,
        0,
        0,
        null,
        null,
        null,
        null,
        null,
        null,
        1,
        0,
        0,
        0,
        0,
        null,
        0,
        0,
        null,
        null,
        null,
        null,
        null,
        null,
        1,
        0,
        0,
        0,
        0,
        null,
        null,
        null,
        1,
        null,
        1,
        1,
        null,
        null,
        null,
        1,
        0,
        null,
        null,
        1,
        null,
        null
      ],
      "/home/osku/WEPA_Rails_15/ratebeer/lib/beermapping_api.rb": [
        1,
        1,
        6,
        10,
        null,
        null,
        1,
        null,
        1,
        4,
        null,
        4,
        4,
        null,
        4,
        null,
        3,
        3,
        11,
        null,
        null,
        null,
        1,
        4,
        4,
        null,
        null
      ],
      "/home/osku/WEPA_Rails_15/ratebeer/app/models/place.rb": [
        1,
        1,
        null,
        1,
        null,
        1,
        5,
        null,
        null,
        null
      ],
      "/home/osku/WEPA_Rails_15/ratebeer/app/controllers/concerns/places_controller.rb": [
        1,
        1,
        null,
        null,
        1,
        3,
        3,
        1,
        null,
        2,
        null,
        null,
        null
      ],
      "/home/osku/WEPA_Rails_15/ratebeer/app/controllers/ratings_controller.rb": [
        1,
        1,
        2,
        null,
        1,
        1,
        1,
        null,
        1,
        1,
        null,
        1,
        0,
        1,
        1,
        1,
        null,
        0,
        0,
        null,
        null,
        null,
        1,
        1,
        1,
        1,
        null,
        null,
        null
      ]
    },
    "timestamp": 1424032331
  }
}
